13:43:21,881 DEBUG SQL:109 - 
    insert 
    into
        message
        (TEXT) 
    values
        (?)
13:43:21,894 TRACE BasicBinder:81 - binding parameter [1] as [VARCHAR] - [Hello World with Hibernate as JPA Provider]
13:54:27,892 DEBUG SQL:109 - 
    insert 
    into
        message
        (TEXT) 
    values
        (?)
13:54:27,904 TRACE BasicBinder:81 - binding parameter [1] as [VARCHAR] - [Hello]
13:54:27,953 DEBUG SQL:109 - 
    select
        message0_.ID as ID1_0_0_,
        message0_.TEXT as TEXT2_0_0_ 
    from
        message message0_ 
    where
        message0_.ID=?
13:54:27,956 TRACE BasicBinder:81 - binding parameter [1] as [BIGINT] - [1]
13:54:27,973 DEBUG SQL:109 - 
    update
        message 
    set
        TEXT=? 
    where
        ID=?
13:54:27,973 TRACE BasicBinder:81 - binding parameter [1] as [VARCHAR] - [Hi]
13:54:27,974 TRACE BasicBinder:81 - binding parameter [2] as [BIGINT] - [1]
14:05:35,538 DEBUG SQL:109 - 
    select
        message0_.ID as ID1_0_0_,
        message0_.TEXT as TEXT2_0_0_ 
    from
        message message0_ 
    where
        message0_.ID=?
14:05:35,621 TRACE BasicBinder:81 - binding parameter [1] as [BIGINT] - [7]
14:05:35,634 DEBUG SQL:109 - 
    select
        message0_.ID as ID1_0_0_,
        message0_.TEXT as TEXT2_0_0_ 
    from
        message message0_ 
    where
        message0_.ID=?
14:05:35,635 TRACE BasicBinder:81 - binding parameter [1] as [BIGINT] - [7]
14:05:35,639 DEBUG SQL:109 - 
    select
        message0_.ID as ID1_0_0_,
        message0_.TEXT as TEXT2_0_0_ 
    from
        message message0_ 
    where
        message0_.ID=?
14:05:35,639 TRACE BasicBinder:81 - binding parameter [1] as [BIGINT] - [7]
14:05:35,644 DEBUG SQL:109 - 
    select
        message0_.ID as ID1_0_0_,
        message0_.TEXT as TEXT2_0_0_ 
    from
        message message0_ 
    where
        message0_.ID=?
14:05:35,645 TRACE BasicBinder:81 - binding parameter [1] as [BIGINT] - [7]
14:10:51,842 DEBUG SQL:109 - 
    select
        guide0_.id as id1_0_0_,
        guide0_.name as name2_0_0_,
        guide0_.salary as salary3_0_0_,
        guide0_.staff_id as staff_id4_0_0_ 
    from
        Guide guide0_ 
    where
        guide0_.id=?
14:10:51,871 TRACE BasicBinder:81 - binding parameter [1] as [BIGINT] - [2]
22:33:46,022 DEBUG SQL:109 - 
    select
        guide0_.id as id1_0_0_,
        guide0_.name as name2_0_0_,
        guide0_.salary as salary3_0_0_,
        guide0_.staff_id as staff_id4_0_0_ 
    from
        Guide guide0_ 
    where
        guide0_.id=?
22:33:46,038 TRACE BasicBinder:81 - binding parameter [1] as [BIGINT] - [2]
22:39:14,468 DEBUG SQL:109 - 
    insert 
    into
        Guide
        (name, salary, staff_id) 
    values
        (?, ?, ?)
22:39:14,530 TRACE BasicBinder:81 - binding parameter [1] as [VARCHAR] - [Done]
22:39:14,530 TRACE BasicBinder:81 - binding parameter [2] as [INTEGER] - [1000]
22:39:14,530 TRACE BasicBinder:81 - binding parameter [3] as [VARCHAR] - [123]
22:39:14,562 DEBUG SQL:109 - 
    insert 
    into
        Student
        (enrollment_id, guide_id, name) 
    values
        (?, ?, ?)
22:39:14,562 TRACE BasicBinder:81 - binding parameter [1] as [VARCHAR] - [1111]
22:39:14,562 TRACE BasicBinder:81 - binding parameter [2] as [BIGINT] - [1]
22:39:14,562 TRACE BasicBinder:81 - binding parameter [3] as [VARCHAR] - [Lim]
22:39:32,536 DEBUG SQL:109 - 
    insert 
    into
        Guide
        (name, salary, staff_id) 
    values
        (?, ?, ?)
22:39:32,583 TRACE BasicBinder:81 - binding parameter [1] as [VARCHAR] - [Done]
22:39:32,583 TRACE BasicBinder:81 - binding parameter [2] as [INTEGER] - [1000]
22:39:32,583 TRACE BasicBinder:81 - binding parameter [3] as [VARCHAR] - [123]
22:39:32,630 DEBUG SQL:109 - 
    insert 
    into
        Student
        (enrollment_id, guide_id, name) 
    values
        (?, ?, ?)
22:39:32,630 TRACE BasicBinder:81 - binding parameter [1] as [VARCHAR] - [1111]
22:39:32,630 TRACE BasicBinder:81 - binding parameter [2] as [BIGINT] - [2]
22:39:32,630 TRACE BasicBinder:81 - binding parameter [3] as [VARCHAR] - [Lim]
22:40:04,734 DEBUG SQL:109 - 
    select
        guide0_.id as id1_0_0_,
        guide0_.name as name2_0_0_,
        guide0_.salary as salary3_0_0_,
        guide0_.staff_id as staff_id4_0_0_ 
    from
        Guide guide0_ 
    where
        guide0_.id=?
22:40:04,750 TRACE BasicBinder:81 - binding parameter [1] as [BIGINT] - [2]
22:40:04,890 DEBUG SQL:109 - 
    select
        students0_.guide_id as guide_id4_0_0_,
        students0_.id as id1_1_0_,
        students0_.id as id1_1_1_,
        students0_.enrollment_id as enrollme2_1_1_,
        students0_.guide_id as guide_id4_1_1_,
        students0_.name as name3_1_1_ 
    from
        Student students0_ 
    where
        students0_.guide_id=?
22:40:04,890 TRACE BasicBinder:81 - binding parameter [1] as [BIGINT] - [2]
22:40:34,413 DEBUG SQL:109 - 
    select
        guide0_.id as id1_0_0_,
        guide0_.name as name2_0_0_,
        guide0_.salary as salary3_0_0_,
        guide0_.staff_id as staff_id4_0_0_ 
    from
        Guide guide0_ 
    where
        guide0_.id=?
22:40:34,429 TRACE BasicBinder:81 - binding parameter [1] as [BIGINT] - [2]
22:40:34,491 DEBUG SQL:109 - 
    select
        students0_.guide_id as guide_id4_0_0_,
        students0_.id as id1_1_0_,
        students0_.id as id1_1_1_,
        students0_.enrollment_id as enrollme2_1_1_,
        students0_.guide_id as guide_id4_1_1_,
        students0_.name as name3_1_1_ 
    from
        Student students0_ 
    where
        students0_.guide_id=?
22:40:34,491 TRACE BasicBinder:81 - binding parameter [1] as [BIGINT] - [2]
22:41:58,665 DEBUG SQL:109 - 
    select
        guide0_.id as id1_0_0_,
        guide0_.name as name2_0_0_,
        guide0_.salary as salary3_0_0_,
        guide0_.staff_id as staff_id4_0_0_ 
    from
        Guide guide0_ 
    where
        guide0_.id=?
22:41:58,680 TRACE BasicBinder:81 - binding parameter [1] as [BIGINT] - [2]
22:41:58,743 DEBUG SQL:109 - 
    select
        students0_.guide_id as guide_id4_0_0_,
        students0_.id as id1_1_0_,
        students0_.id as id1_1_1_,
        students0_.enrollment_id as enrollme2_1_1_,
        students0_.guide_id as guide_id4_1_1_,
        students0_.name as name3_1_1_ 
    from
        Student students0_ 
    where
        students0_.guide_id=?
22:41:58,743 TRACE BasicBinder:81 - binding parameter [1] as [BIGINT] - [2]
22:42:28,158 DEBUG SQL:109 - 
    select
        guide0_.id as id1_0_0_,
        guide0_.name as name2_0_0_,
        guide0_.salary as salary3_0_0_,
        guide0_.staff_id as staff_id4_0_0_ 
    from
        Guide guide0_ 
    where
        guide0_.id=?
22:42:28,174 TRACE BasicBinder:81 - binding parameter [1] as [BIGINT] - [2]
22:42:28,236 DEBUG SQL:109 - 
    select
        students0_.guide_id as guide_id4_0_0_,
        students0_.id as id1_1_0_,
        students0_.id as id1_1_1_,
        students0_.enrollment_id as enrollme2_1_1_,
        students0_.guide_id as guide_id4_1_1_,
        students0_.name as name3_1_1_ 
    from
        Student students0_ 
    where
        students0_.guide_id=?
22:42:28,252 TRACE BasicBinder:81 - binding parameter [1] as [BIGINT] - [2]
22:45:00,322 DEBUG SQL:109 - 
    select
        guide0_.id as id1_0_0_,
        guide0_.name as name2_0_0_,
        guide0_.salary as salary3_0_0_,
        guide0_.staff_id as staff_id4_0_0_ 
    from
        Guide guide0_ 
    where
        guide0_.id=?
22:45:00,338 TRACE BasicBinder:81 - binding parameter [1] as [BIGINT] - [2]
22:45:00,400 DEBUG SQL:109 - 
    select
        students0_.guide_id as guide_id4_0_0_,
        students0_.id as id1_1_0_,
        students0_.id as id1_1_1_,
        students0_.enrollment_id as enrollme2_1_1_,
        students0_.guide_id as guide_id4_1_1_,
        students0_.name as name3_1_1_ 
    from
        Student students0_ 
    where
        students0_.guide_id=?
22:45:00,400 TRACE BasicBinder:81 - binding parameter [1] as [BIGINT] - [2]
22:45:35,752 DEBUG SQL:109 - 
    select
        student0_.id as id1_1_0_,
        student0_.enrollment_id as enrollme2_1_0_,
        student0_.guide_id as guide_id4_1_0_,
        student0_.name as name3_1_0_,
        guide1_.id as id1_0_1_,
        guide1_.name as name2_0_1_,
        guide1_.salary as salary3_0_1_,
        guide1_.staff_id as staff_id4_0_1_ 
    from
        Student student0_ 
    left outer join
        Guide guide1_ 
            on student0_.guide_id=guide1_.id 
    where
        student0_.id=?
22:45:35,767 TRACE BasicBinder:81 - binding parameter [1] as [BIGINT] - [2]
22:46:56,432 DEBUG SQL:109 - 
    select
        student0_.id as id1_1_0_,
        student0_.enrollment_id as enrollme2_1_0_,
        student0_.guide_id as guide_id4_1_0_,
        student0_.name as name3_1_0_,
        guide1_.id as id1_0_1_,
        guide1_.name as name2_0_1_,
        guide1_.salary as salary3_0_1_,
        guide1_.staff_id as staff_id4_0_1_ 
    from
        Student student0_ 
    left outer join
        Guide guide1_ 
            on student0_.guide_id=guide1_.id 
    where
        student0_.id=?
22:46:56,447 TRACE BasicBinder:81 - binding parameter [1] as [BIGINT] - [2]
22:50:35,919 DEBUG SQL:109 - 
    select
        guide0_.id as id1_0_0_,
        guide0_.name as name2_0_0_,
        guide0_.salary as salary3_0_0_,
        guide0_.staff_id as staff_id4_0_0_ 
    from
        Guide guide0_ 
    where
        guide0_.id=?
22:50:35,951 TRACE BasicBinder:81 - binding parameter [1] as [BIGINT] - [2]
22:50:36,013 DEBUG SQL:109 - 
    select
        students0_.guide_id as guide_id4_0_0_,
        students0_.id as id1_1_0_,
        students0_.id as id1_1_1_,
        students0_.enrollment_id as enrollme2_1_1_,
        students0_.guide_id as guide_id4_1_1_,
        students0_.name as name3_1_1_ 
    from
        Student students0_ 
    where
        students0_.guide_id=?
22:50:36,013 TRACE BasicBinder:81 - binding parameter [1] as [BIGINT] - [2]
22:57:22,195 DEBUG SQL:109 - 
    select
        guide0_.id as id1_0_0_,
        guide0_.name as name2_0_0_,
        guide0_.salary as salary3_0_0_,
        guide0_.staff_id as staff_id4_0_0_ 
    from
        Guide guide0_ 
    where
        guide0_.id=?
22:57:22,211 TRACE BasicBinder:81 - binding parameter [1] as [BIGINT] - [2]
